<!--
Tests the use of branchRule
-->
<assessmentTest
  xmlns="http://www.imsglobal.org/xsd/imsqti_v2p1"
  xmlns:xsi="http://www.w3.org/2001/XMLSchema-instance"
  xsi:schemaLocation="http://www.imsglobal.org/xsd/imsqti_v2p1 http://www.imsglobal.org/xsd/imsqti_v2p1.xsd"
  identifier="test"
  title="Test of branchRule">

  <testPart identifier="p1" navigationMode="linear" submissionMode="individual">
    <assessmentSection identifier="s11" title="Section" visible="true">
      <assessmentSection identifier="s111" title="Section" visible="true">
        <assessmentItemRef identifier="i1111" href="choice.xml">
          <branchRule target="i1121">
            <baseValue baseType="boolean">false</baseValue>
          </branchRule>
          <branchRule target="i1113">
            <baseValue baseType="boolean">true</baseValue>
          </branchRule>
        </assessmentItemRef>
        <assessmentItemRef identifier="i1112" href="choice.xml"/>
        <assessmentItemRef identifier="i1113" href="choice.xml">
          <branchRule target="s112">
            <baseValue baseType="boolean">true</baseValue>
          </branchRule>
        </assessmentItemRef>
        <assessmentItemRef identifier="i1114" href="choice.xml"/>
      </assessmentSection>
      <assessmentSection identifier="s112" title="Section" visible="true">
        <assessmentItemRef identifier="i1121" href="choice.xml">
          <preCondition>
            <baseValue baseType="boolean">false</baseValue>
          </preCondition>
        </assessmentItemRef>
        <assessmentItemRef identifier="i1122" href="choice.xml">
          <branchRule target="EXIT_SECTION">
            <baseValue baseType="boolean">true</baseValue>
          </branchRule>
        </assessmentItemRef>
        <assessmentItemRef identifier="i1123" href="choice.xml"/>
      </assessmentSection>
      <assessmentSection identifier="s113" title="Section" visible="true">
        <assessmentItemRef identifier="i1131" href="choice.xml">
          <branchRule target="EXIT_TESTPART">
            <baseValue baseType="boolean">true</baseValue>
          </branchRule>
        </assessmentItemRef>
        <assessmentItemRef identifier="i1132" href="choice.xml"/>
      </assessmentSection>
    </assessmentSection>
  </testPart>
  <testPart identifier="p2" navigationMode="linear" submissionMode="individual">
    <branchRule target="EXIT_TEST">
      <baseValue baseType="boolean">true</baseValue>
    </branchRule>
    <assessmentSection identifier="s21" title="Section" visible="true">
      <assessmentItemRef identifier="i211" href="choice.xml"/>
    </assessmentSection>
  </testPart>
  <testPart identifier="p3" navigationMode="linear" submissionMode="individual">
    <assessmentSection identifier="s31" title="Section" visible="true">
      <assessmentItemRef identifier="i311" href="choice.xml"/>
    </assessmentSection>
  </testPart>

</assessmentTest>
